Using pre-set license
Built from '2022.3/staging' branch; Version is '2022.3.6f1 (b9e6e7e9fa2d) revision 12183271'; Using compiler version '192829333'; Build Type 'Release'
OS: 'Windows 10  (10.0.19045) 64bit Professional' Language: 'pt' Physical Memory: 16089 MB
BatchMode: 1, IsHumanControllingUs: 0, StartBugReporterOnCrash: 0, Is64bit: 1, IsPro: 1

COMMAND LINE ARGUMENTS:
C:\Program Files\Unity\Hub\Editor\2022.3.6f1\Editor\Unity.exe
-adb2
-batchMode
-noUpm
-name
AssetImportWorker1
-projectPath
C:/Users/ra00332778/Documents/GitHub/tutoria2
-logFile
Logs/AssetImportWorker1.log
-srvPort
50428
Successfully changed project path to: C:/Users/ra00332778/Documents/GitHub/tutoria2
C:/Users/ra00332778/Documents/GitHub/tutoria2
[UnityMemory] Configuration Parameters - Can be set up in boot.config
    "memorysetup-bucket-allocator-granularity=16"
    "memorysetup-bucket-allocator-bucket-count=8"
    "memorysetup-bucket-allocator-block-size=33554432"
    "memorysetup-bucket-allocator-block-count=8"
    "memorysetup-main-allocator-block-size=16777216"
    "memorysetup-thread-allocator-block-size=16777216"
    "memorysetup-gfx-main-allocator-block-size=16777216"
    "memorysetup-gfx-thread-allocator-block-size=16777216"
    "memorysetup-cache-allocator-block-size=4194304"
    "memorysetup-typetree-allocator-block-size=2097152"
    "memorysetup-profiler-bucket-allocator-granularity=16"
    "memorysetup-profiler-bucket-allocator-bucket-count=8"
    "memorysetup-profiler-bucket-allocator-block-size=33554432"
    "memorysetup-profiler-bucket-allocator-block-count=8"
    "memorysetup-profiler-allocator-block-size=16777216"
    "memorysetup-profiler-editor-allocator-block-size=1048576"
    "memorysetup-temp-allocator-size-main=16777216"
    "memorysetup-job-temp-allocator-block-size=2097152"
    "memorysetup-job-temp-allocator-block-size-background=1048576"
    "memorysetup-job-temp-allocator-reduction-small-platforms=262144"
    "memorysetup-allocator-temp-initial-block-size-main=262144"
    "memorysetup-allocator-temp-initial-block-size-worker=262144"
    "memorysetup-temp-allocator-size-background-worker=32768"
    "memorysetup-temp-allocator-size-job-worker=262144"
    "memorysetup-temp-allocator-size-preload-manager=33554432"
    "memorysetup-temp-allocator-size-nav-mesh-worker=65536"
    "memorysetup-temp-allocator-size-audio-worker=65536"
    "memorysetup-temp-allocator-size-cloud-worker=32768"
    "memorysetup-temp-allocator-size-gi-baking-worker=262144"
    "memorysetup-temp-allocator-size-gfx=262144"
Player connection [7276] Host "[IP] 172.17.11.16 [Port] 0 [Flags] 2 [Guid] 783534864 [EditorId] 783534864 [Version] 1048832 [Id] WindowsEditor(7,DSP-BRJ3055CJ6) [Debug] 1 [PackageName] WindowsEditor [ProjectName] Editor" joined multi-casting on [225.0.0.222:54997]...

Player connection [7276] Host "[IP] 172.17.11.16 [Port] 0 [Flags] 2 [Guid] 783534864 [EditorId] 783534864 [Version] 1048832 [Id] WindowsEditor(7,DSP-BRJ3055CJ6) [Debug] 1 [PackageName] WindowsEditor [ProjectName] Editor" joined alternative multi-casting on [225.0.0.222:34997]...

Refreshing native plugins compatible for Editor in 15.01 ms, found 4 plugins.
Preloading 0 native plugins for Editor in 0.00 ms.
Initialize engine version: 2022.3.6f1 (b9e6e7e9fa2d)
[Subsystems] Discovering subsystems at path C:/Program Files/Unity/Hub/Editor/2022.3.6f1/Editor/Data/Resources/UnitySubsystems
[Subsystems] Discovering subsystems at path C:/Users/ra00332778/Documents/GitHub/tutoria2/Assets
GfxDevice: creating device client; threaded=0; jobified=0
Direct3D:
    Version:  Direct3D 11.0 [level 11.1]
    Renderer: NVIDIA T400 4GB (ID=0x1ff2)
    Vendor:   NVIDIA
    VRAM:     3970 MB
    Driver:   30.0.15.1165
Initialize mono
Mono path[0] = 'C:/Program Files/Unity/Hub/Editor/2022.3.6f1/Editor/Data/Managed'
Mono path[1] = 'C:/Program Files/Unity/Hub/Editor/2022.3.6f1/Editor/Data/MonoBleedingEdge/lib/mono/unityjit-win32'
Mono config path = 'C:/Program Files/Unity/Hub/Editor/2022.3.6f1/Editor/Data/MonoBleedingEdge/etc'
Using monoOptions --debugger-agent=transport=dt_socket,embedding=1,server=y,suspend=n,address=127.0.0.1:56296
Begin MonoManager ReloadAssembly
Registering precompiled unity dll's ...
Register platform support module: C:/Program Files/Unity/Hub/Editor/2022.3.6f1/Editor/Data/PlaybackEngines/AndroidPlayer/UnityEditor.Android.Extensions.dll
Register platform support module: C:/Program Files/Unity/Hub/Editor/2022.3.6f1/Editor/Data/PlaybackEngines/iOSSupport/UnityEditor.iOS.Extensions.dll
Register platform support module: C:/Program Files/Unity/Hub/Editor/2022.3.6f1/Editor/Data/PlaybackEngines/WindowsStandaloneSupport/UnityEditor.WindowsStandalone.Extensions.dll
Registered in 0.008455 seconds.
- Loaded All Assemblies, in  0.340 seconds
Native extension for WindowsStandalone target not found
[usbmuxd] Start listen thread
[usbmuxd] Listen thread started
Native extension for iOS target not found
Native extension for Android target not found
Android Extension - Scanning For ADB Devices 213 ms
Mono: successfully reloaded assembly
- Finished resetting the current domain, in  0.555 seconds
Domain Reload Profiling: 894ms
	BeginReloadAssembly (82ms)
		ExecutionOrderSort (0ms)
		DisableScriptedObjects (0ms)
		BackupInstance (0ms)
		ReleaseScriptingObjects (0ms)
		CreateAndSetChildDomain (1ms)
	RebuildCommonClasses (35ms)
	RebuildNativeTypeToScriptingClass (13ms)
	initialDomainReloadingComplete (59ms)
	LoadAllAssembliesAndSetupDomain (151ms)
		LoadAssemblies (81ms)
		RebuildTransferFunctionScriptingTraits (0ms)
		AnalyzeDomain (146ms)
			TypeCache.Refresh (146ms)
				TypeCache.ScanAssembly (134ms)
			ScanForSourceGeneratedMonoScriptInfo (0ms)
			ResolveRequiredComponents (0ms)
	FinalizeReload (555ms)
		ReleaseScriptCaches (0ms)
		RebuildScriptCaches (0ms)
		SetupLoadedEditorAssemblies (495ms)
			LogAssemblyErrors (0ms)
			InitializePlatformSupportModulesInManaged (339ms)
			SetLoadedEditorAssemblies (3ms)
			RefreshPlugins (0ms)
			BeforeProcessingInitializeOnLoad (2ms)
			ProcessInitializeOnLoadAttributes (102ms)
			ProcessInitializeOnLoadMethodAttributes (47ms)
			AfterProcessingInitializeOnLoad (0ms)
			EditorAssembliesLoaded (0ms)
		ExecutionOrderSort2 (0ms)
		AwakeInstancesAfterBackupRestoration (0ms)
========================================================================
Worker process is ready to serve import requests
Begin MonoManager ReloadAssembly
Symbol file LoadedFromMemory is not a mono symbol file
- Loaded All Assemblies, in  0.652 seconds
Refreshing native plugins compatible for Editor in 7.84 ms, found 4 plugins.
Native extension for WindowsStandalone target not found
Native extension for iOS target not found
Native extension for Android target not found
Mono: successfully reloaded assembly
- Finished resetting the current domain, in  0.671 seconds
Domain Reload Profiling: 1322ms
	BeginReloadAssembly (118ms)
		ExecutionOrderSort (0ms)
		DisableScriptedObjects (6ms)
		BackupInstance (0ms)
		ReleaseScriptingObjects (0ms)
		CreateAndSetChildDomain (19ms)
	RebuildCommonClasses (35ms)
	RebuildNativeTypeToScriptingClass (12ms)
	initialDomainReloadingComplete (44ms)
	LoadAllAssembliesAndSetupDomain (442ms)
		LoadAssemblies (237ms)
		RebuildTransferFunctionScriptingTraits (0ms)
		AnalyzeDomain (260ms)
			TypeCache.Refresh (240ms)
				TypeCache.ScanAssembly (224ms)
			ScanForSourceGeneratedMonoScriptInfo (18ms)
			ResolveRequiredComponents (3ms)
	FinalizeReload (671ms)
		ReleaseScriptCaches (0ms)
		RebuildScriptCaches (0ms)
		SetupLoadedEditorAssemblies (518ms)
			LogAssemblyErrors (0ms)
			InitializePlatformSupportModulesInManaged (35ms)
			SetLoadedEditorAssemblies (3ms)
			RefreshPlugins (0ms)
			BeforeProcessingInitializeOnLoad (54ms)
			ProcessInitializeOnLoadAttributes (237ms)
			ProcessInitializeOnLoadMethodAttributes (185ms)
			AfterProcessingInitializeOnLoad (4ms)
			EditorAssembliesLoaded (0ms)
		ExecutionOrderSort2 (0ms)
		AwakeInstancesAfterBackupRestoration (6ms)
Launched and connected shader compiler UnityShaderCompiler.exe after 0.03 seconds
Refreshing native plugins compatible for Editor in 3.89 ms, found 4 plugins.
Preloading 0 native plugins for Editor in 0.00 ms.
Unloading 2412 Unused Serialized files (Serialized files now loaded: 0)
Unloading 77 unused Assets / (79.7 KB). Loaded Objects now: 2863.
Memory consumption went from 108.9 MB to 108.8 MB.
Total: 4.400700 ms (FindLiveObjects: 0.120400 ms CreateObjectMapping: 0.043600 ms MarkObjects: 4.150000 ms  DeleteObjects: 0.085400 ms)

AssetImportParameters requested are different than current active one (requested -> active):
  custom:video-decoder-webm-vp8: 9c59270c3fd7afecdb556c50c9e8de78 -> 
  custom:SearchIndexIgnoredProperties: e643bd26f0fe6173181afceb89e7c659 -> 
  custom:container-demuxer-ogg: 62fdf1f143b41e24485cea50d1cbac27 -> 
  custom:AudioImporter_EditorPlatform: d09bf68614088b80899f8185d706f6e7 -> 
  custom:video-decoder-ogg-theora: a1e56fd34408186e4bbccfd4996cb3dc -> 
  custom:framework-win-MediaFoundation: 216162199b28c13a410421893ffa2e32 -> 
  custom:video-encoder-webm-vp8: eb34c28f22e8b96e1ab97ce403110664 -> 
  custom:audio-decoder-ogg-vorbis: bf7c407c2cedff20999df2af8eb42d56 -> 
  custom:CustomObjectIndexerAttribute: 756ad292c208cfabdd7b50bc23989ffe -> 
  custom:container-demuxer-webm: 4f35f7cbe854078d1ac9338744f61a02 -> 
  custom:audio-encoder-webm-vorbis: bf7c407c2cedff20999df2af8eb42d56 -> 
  custom:container-muxer-webm: aa71ff27fc2769a1b78a27578f13a17b -> 
========================================================================
Received Import Request.
  Time since last request: 619.760842 seconds.
  path: Assets/Pack 01 (Pixel Art)/PNG/Baril 1.png
  artifactKey: Guid(6b6af88e05b979f41a23e96a392557b1) Importer(815301076,1909f56bfc062723c751e8b465ee728b)
Start importing Assets/Pack 01 (Pixel Art)/PNG/Baril 1.png using Guid(6b6af88e05b979f41a23e96a392557b1) Importer(815301076,1909f56bfc062723c751e8b465ee728b)  -> (artifact id: 'd712070c9474c5f17c9a032c8b3b9757') in 0.086363 seconds
Number of updated asset objects reloaded before import = 0
Number of asset objects unloaded after import = 3
========================================================================
Received Import Request.
  Time since last request: 0.000024 seconds.
  path: Assets/Pack 01 (Pixel Art)/PNG/Books 2.png
  artifactKey: Guid(782032a365d319c49999eed662157838) Importer(815301076,1909f56bfc062723c751e8b465ee728b)
Start importing Assets/Pack 01 (Pixel Art)/PNG/Books 2.png using Guid(782032a365d319c49999eed662157838) Importer(815301076,1909f56bfc062723c751e8b465ee728b)  -> (artifact id: 'bce3950c63d42503262eadf404bf44dd') in 0.017564 seconds
Number of updated asset objects reloaded before import = 0
Number of asset objects unloaded after import = 3
========================================================================
Received Import Request.
  Time since last request: 0.000024 seconds.
  path: Assets/Pack 01 (Pixel Art)/PNG/Bed.png
  artifactKey: Guid(5e3d76da57b0bc74bac7ecfd927ef98d) Importer(815301076,1909f56bfc062723c751e8b465ee728b)
Start importing Assets/Pack 01 (Pixel Art)/PNG/Bed.png using Guid(5e3d76da57b0bc74bac7ecfd927ef98d) Importer(815301076,1909f56bfc062723c751e8b465ee728b)  -> (artifact id: '0fd580b7cf472abc72eb0b2180530074') in 0.016775 seconds
Number of updated asset objects reloaded before import = 0
Number of asset objects unloaded after import = 3
========================================================================
Received Import Request.
  Time since last request: 0.000015 seconds.
  path: Assets/Pack 01 (Pixel Art)/PNG/Chunk2.png
  artifactKey: Guid(e58bd0463853a854ebab23b356af557e) Importer(815301076,1909f56bfc062723c751e8b465ee728b)
Start importing Assets/Pack 01 (Pixel Art)/PNG/Chunk2.png using Guid(e58bd0463853a854ebab23b356af557e) Importer(815301076,1909f56bfc062723c751e8b465ee728b)  -> (artifact id: '99a3c4e5db35b37098753a7d9c92e4fa') in 0.015491 seconds
Number of updated asset objects reloaded before import = 0
Number of asset objects unloaded after import = 3
========================================================================
Received Import Request.
  Time since last request: 0.000014 seconds.
  path: Assets/Pack 01 (Pixel Art)/PNG/Chunk5.png
  artifactKey: Guid(ff9166699cfaadf448f2414cbbc4ca78) Importer(815301076,1909f56bfc062723c751e8b465ee728b)
Start importing Assets/Pack 01 (Pixel Art)/PNG/Chunk5.png using Guid(ff9166699cfaadf448f2414cbbc4ca78) Importer(815301076,1909f56bfc062723c751e8b465ee728b)  -> (artifact id: '1bcff5562785107758278aea68c744bc') in 0.015411 seconds
Number of updated asset objects reloaded before import = 0
Number of asset objects unloaded after import = 3
========================================================================
Received Import Request.
  Time since last request: 0.000014 seconds.
  path: Assets/Pack 01 (Pixel Art)/PNG/Door 2.png
  artifactKey: Guid(adbe9f7ead01e794581828875ddd83d6) Importer(815301076,1909f56bfc062723c751e8b465ee728b)
Start importing Assets/Pack 01 (Pixel Art)/PNG/Door 2.png using Guid(adbe9f7ead01e794581828875ddd83d6) Importer(815301076,1909f56bfc062723c751e8b465ee728b)  -> (artifact id: 'dc61a7813d0df3d798bafc0ebc0a0fcb') in 0.017465 seconds
Number of updated asset objects reloaded before import = 0
Number of asset objects unloaded after import = 3
========================================================================
Received Import Request.
  Time since last request: 0.000014 seconds.
  path: Assets/Pack 01 (Pixel Art)/PNG/Electric wall.png
  artifactKey: Guid(1cf58fa7c22c5224e97f71b79aca6cf5) Importer(815301076,1909f56bfc062723c751e8b465ee728b)
Start importing Assets/Pack 01 (Pixel Art)/PNG/Electric wall.png using Guid(1cf58fa7c22c5224e97f71b79aca6cf5) Importer(815301076,1909f56bfc062723c751e8b465ee728b)  -> (artifact id: '1782a41d52de1742184b4a987a862a3a') in 0.016038 seconds
Number of updated asset objects reloaded before import = 0
Number of asset objects unloaded after import = 3
========================================================================
Received Import Request.
  Time since last request: 0.000016 seconds.
  path: Assets/Pack 01 (Pixel Art)/PNG/Floor 3.png
  artifactKey: Guid(ea6223469c2006346aaa6eeb7cd00c6b) Importer(815301076,1909f56bfc062723c751e8b465ee728b)
Start importing Assets/Pack 01 (Pixel Art)/PNG/Floor 3.png using Guid(ea6223469c2006346aaa6eeb7cd00c6b) Importer(815301076,1909f56bfc062723c751e8b465ee728b)  -> (artifact id: 'c21532d3eed2e19483644a389398a84b') in 0.014927 seconds
Number of updated asset objects reloaded before import = 0
Number of asset objects unloaded after import = 3
========================================================================
Received Import Request.
  Time since last request: 0.000014 seconds.
  path: Assets/Pack 01 (Pixel Art)/PNG/Chunk7.png
  artifactKey: Guid(62052c3b81a26174aaf6d39cee5ef844) Importer(815301076,1909f56bfc062723c751e8b465ee728b)
Start importing Assets/Pack 01 (Pixel Art)/PNG/Chunk7.png using Guid(62052c3b81a26174aaf6d39cee5ef844) Importer(815301076,1909f56bfc062723c751e8b465ee728b)  -> (artifact id: '9f802a159125c048ccc3291cd309ab98') in 0.016890 seconds
Number of updated asset objects reloaded before import = 0
Number of asset objects unloaded after import = 3
========================================================================
Received Import Request.
  Time since last request: 0.000014 seconds.
  path: Assets/Pack 01 (Pixel Art)/PNG/Green Barrel.png
  artifactKey: Guid(e79e613c5e940ca43a5cc1cd070c672a) Importer(815301076,1909f56bfc062723c751e8b465ee728b)
Start importing Assets/Pack 01 (Pixel Art)/PNG/Green Barrel.png using Guid(e79e613c5e940ca43a5cc1cd070c672a) Importer(815301076,1909f56bfc062723c751e8b465ee728b)  -> (artifact id: '5d10c0cc989d51876f9da184d42af424') in 0.019339 seconds
Number of updated asset objects reloaded before import = 0
Number of asset objects unloaded after import = 3
========================================================================
Received Import Request.
  Time since last request: 0.000017 seconds.
  path: Assets/Pack 01 (Pixel Art)/PNG/Beds and walls.png
  artifactKey: Guid(89327adee896c3840beb02d9539d8129) Importer(815301076,1909f56bfc062723c751e8b465ee728b)
Start importing Assets/Pack 01 (Pixel Art)/PNG/Beds and walls.png using Guid(89327adee896c3840beb02d9539d8129) Importer(815301076,1909f56bfc062723c751e8b465ee728b)  -> (artifact id: '84a5d8a2e92e9389a9fb7bb79bd54d7d') in 0.024117 seconds
Number of updated asset objects reloaded before import = 0
Number of asset objects unloaded after import = 3
========================================================================
Received Import Request.
  Time since last request: 0.000241 seconds.
  path: Assets/Pack 01 (Pixel Art)/PNG/Chunk8.png
  artifactKey: Guid(82b66ed98bb59634dac37d94b4983f6c) Importer(815301076,1909f56bfc062723c751e8b465ee728b)
Start importing Assets/Pack 01 (Pixel Art)/PNG/Chunk8.png using Guid(82b66ed98bb59634dac37d94b4983f6c) Importer(815301076,1909f56bfc062723c751e8b465ee728b)  -> (artifact id: '60c72a51fc0f263270cf77ceecaaf773') in 0.026651 seconds
Number of updated asset objects reloaded before import = 0
Number of asset objects unloaded after import = 3
========================================================================
Received Import Request.
  Time since last request: 0.000015 seconds.
  path: Assets/Pack 01 (Pixel Art)/PNG/CryoBoxOFF.png
  artifactKey: Guid(1e71cfc5f6455494baf2da61f3411b89) Importer(815301076,1909f56bfc062723c751e8b465ee728b)
Start importing Assets/Pack 01 (Pixel Art)/PNG/CryoBoxOFF.png using Guid(1e71cfc5f6455494baf2da61f3411b89) Importer(815301076,1909f56bfc062723c751e8b465ee728b)  -> (artifact id: '9a023fda338ffbbcf64736a1859c8b4a') in 0.019131 seconds
Number of updated asset objects reloaded before import = 0
Number of asset objects unloaded after import = 3
========================================================================
Received Import Request.
  Time since last request: 0.000016 seconds.
  path: Assets/Pack 01 (Pixel Art)/PNG/Health Pack 1.png
  artifactKey: Guid(19aed7417ac4ab24bba839b151d3c259) Importer(815301076,1909f56bfc062723c751e8b465ee728b)
Start importing Assets/Pack 01 (Pixel Art)/PNG/Health Pack 1.png using Guid(19aed7417ac4ab24bba839b151d3c259) Importer(815301076,1909f56bfc062723c751e8b465ee728b)  -> (artifact id: '3b8c5cdb4e3217367323b46939b06548') in 0.026022 seconds
Number of updated asset objects reloaded before import = 0
Number of asset objects unloaded after import = 3
========================================================================
Received Import Request.
  Time since last request: 0.000017 seconds.
  path: Assets/Pack 01 (Pixel Art)/PNG/Lamp 1.png
  artifactKey: Guid(b58f11ed7e5c3ec49a152aba8520c101) Importer(815301076,1909f56bfc062723c751e8b465ee728b)
Start importing Assets/Pack 01 (Pixel Art)/PNG/Lamp 1.png using Guid(b58f11ed7e5c3ec49a152aba8520c101) Importer(815301076,1909f56bfc062723c751e8b465ee728b)  -> (artifact id: '850c0444fc60df1878de886d7aaa34bb') in 0.019780 seconds
Number of updated asset objects reloaded before import = 0
Number of asset objects unloaded after import = 3
========================================================================
Received Import Request.
  Time since last request: 0.000023 seconds.
  path: Assets/Pack 01 (Pixel Art)/PNG/Chunk9.asset
  artifactKey: Guid(7f12a6aafcd19654c91e4219ae670fa7) Importer(815301076,1909f56bfc062723c751e8b465ee728b)
Start importing Assets/Pack 01 (Pixel Art)/PNG/Chunk9.asset using Guid(7f12a6aafcd19654c91e4219ae670fa7) Importer(815301076,1909f56bfc062723c751e8b465ee728b)  -> (artifact id: 'c948ae26e9299ea5d1ef8a689421ad7f') in 0.021109 seconds
Number of updated asset objects reloaded before import = 0
Number of asset objects unloaded after import = 3
========================================================================
Received Import Request.
  Time since last request: 0.000015 seconds.
  path: Assets/Pack 01 (Pixel Art)/PNG/Biorganic device copie 2.png
  artifactKey: Guid(91befdf1302dff746ad8125d74257f9e) Importer(815301076,1909f56bfc062723c751e8b465ee728b)
Start importing Assets/Pack 01 (Pixel Art)/PNG/Biorganic device copie 2.png using Guid(91befdf1302dff746ad8125d74257f9e) Importer(815301076,1909f56bfc062723c751e8b465ee728b)  -> (artifact id: '717571f01133350422c4b435598ec790') in 0.019505 seconds
Number of updated asset objects reloaded before import = 0
Number of asset objects unloaded after import = 3
========================================================================
Received Import Request.
  Time since last request: 0.000015 seconds.
  path: Assets/Pack 01 (Pixel Art)/PNG/Chunk8.asset
  artifactKey: Guid(8fe9a83db96445e4b86b8ebcdfc103f6) Importer(815301076,1909f56bfc062723c751e8b465ee728b)
Start importing Assets/Pack 01 (Pixel Art)/PNG/Chunk8.asset using Guid(8fe9a83db96445e4b86b8ebcdfc103f6) Importer(815301076,1909f56bfc062723c751e8b465ee728b)  -> (artifact id: '5bbd9fd73f994388df8836c424e5caee') in 0.011845 seconds
Number of updated asset objects reloaded before import = 0
Number of asset objects unloaded after import = 3
========================================================================
Received Import Request.
  Time since last request: 0.000015 seconds.
  path: Assets/Pack 01 (Pixel Art)/PNG/Character 4 Blue.png
  artifactKey: Guid(39b4274ba3ecd64419df52d2a7a2873d) Importer(815301076,1909f56bfc062723c751e8b465ee728b)
Start importing Assets/Pack 01 (Pixel Art)/PNG/Character 4 Blue.png using Guid(39b4274ba3ecd64419df52d2a7a2873d) Importer(815301076,1909f56bfc062723c751e8b465ee728b)  -> (artifact id: 'a07b954d2b747bdfab8d7574a14fcbe7') in 0.019004 seconds
Number of updated asset objects reloaded before import = 0
Number of asset objects unloaded after import = 3
========================================================================
Received Import Request.
  Time since last request: 0.000015 seconds.
  path: Assets/Pack 01 (Pixel Art)/PNG/Chunk6.asset
  artifactKey: Guid(4783a6dc0da53db4882df19f244e56dc) Importer(815301076,1909f56bfc062723c751e8b465ee728b)
Start importing Assets/Pack 01 (Pixel Art)/PNG/Chunk6.asset using Guid(4783a6dc0da53db4882df19f244e56dc) Importer(815301076,1909f56bfc062723c751e8b465ee728b)  -> (artifact id: 'd7374a6daf7fcedd2ca9bbca6a5339f5') in 0.011111 seconds
Number of updated asset objects reloaded before import = 0
Number of asset objects unloaded after import = 3
========================================================================
Received Import Request.
  Time since last request: 0.000017 seconds.
  path: Assets/Pack 01 (Pixel Art)/PNG/Doors 1.asset
  artifactKey: Guid(f30aa52afc7c2a445a0aa6cd944aff99) Importer(815301076,1909f56bfc062723c751e8b465ee728b)
Start importing Assets/Pack 01 (Pixel Art)/PNG/Doors 1.asset using Guid(f30aa52afc7c2a445a0aa6cd944aff99) Importer(815301076,1909f56bfc062723c751e8b465ee728b)  -> (artifact id: '2252f9f42432de3699ef2ed68e457b77') in 0.012746 seconds
Number of updated asset objects reloaded before import = 0
Number of asset objects unloaded after import = 3
========================================================================
Received Import Request.
  Time since last request: 0.000015 seconds.
  path: Assets/Pack 01 (Pixel Art)/PNG/Doors 1.png
  artifactKey: Guid(15e66497d969bd148976abf1390d7548) Importer(815301076,1909f56bfc062723c751e8b465ee728b)
Start importing Assets/Pack 01 (Pixel Art)/PNG/Doors 1.png using Guid(15e66497d969bd148976abf1390d7548) Importer(815301076,1909f56bfc062723c751e8b465ee728b)  -> (artifact id: '40ecbfe5e70c4266ea443186c4dd4b45') in 0.023152 seconds
Number of updated asset objects reloaded before import = 0
Number of asset objects unloaded after import = 3
========================================================================
Received Import Request.
  Time since last request: 0.000018 seconds.
  path: Assets/Pack 01 (Pixel Art)/PNG/Doors 2.png
  artifactKey: Guid(59d3306839c844148bad24ded32c5357) Importer(815301076,1909f56bfc062723c751e8b465ee728b)
Start importing Assets/Pack 01 (Pixel Art)/PNG/Doors 2.png using Guid(59d3306839c844148bad24ded32c5357) Importer(815301076,1909f56bfc062723c751e8b465ee728b)  -> (artifact id: 'af0ca1da28ad72a14e248a980d2f385c') in 0.021604 seconds
Number of updated asset objects reloaded before import = 0
Number of asset objects unloaded after import = 3
========================================================================
Received Import Request.
  Time since last request: 0.000013 seconds.
  path: Assets/Pack 01 (Pixel Art)/PNG/Chunk4.asset
  artifactKey: Guid(6cf21a31f8933d941bda870534321e8a) Importer(815301076,1909f56bfc062723c751e8b465ee728b)
Start importing Assets/Pack 01 (Pixel Art)/PNG/Chunk4.asset using Guid(6cf21a31f8933d941bda870534321e8a) Importer(815301076,1909f56bfc062723c751e8b465ee728b)  -> (artifact id: 'c0f2120265cc23946253766d74aba8cf') in 0.013621 seconds
Number of updated asset objects reloaded before import = 0
Number of asset objects unloaded after import = 3
========================================================================
Received Import Request.
  Time since last request: 0.000016 seconds.
  path: Assets/Pack 01 (Pixel Art)/PNG/Desk 1.png
  artifactKey: Guid(cb687110895b7024ead8e413ae1fe82c) Importer(815301076,1909f56bfc062723c751e8b465ee728b)
Start importing Assets/Pack 01 (Pixel Art)/PNG/Desk 1.png using Guid(cb687110895b7024ead8e413ae1fe82c) Importer(815301076,1909f56bfc062723c751e8b465ee728b)  -> (artifact id: '9e68a04326812fd9e4ae075046f31279') in 0.025253 seconds
Number of updated asset objects reloaded before import = 0
Number of asset objects unloaded after import = 3
========================================================================
Received Import Request.
  Time since last request: 0.000016 seconds.
  path: Assets/Pack 01 (Pixel Art)/PNG/Chunk1.png
  artifactKey: Guid(9c1b9894bf947474d8997b7166473c7a) Importer(815301076,1909f56bfc062723c751e8b465ee728b)
Start importing Assets/Pack 01 (Pixel Art)/PNG/Chunk1.png using Guid(9c1b9894bf947474d8997b7166473c7a) Importer(815301076,1909f56bfc062723c751e8b465ee728b)  -> (artifact id: 'ba1b0d50b37b065a43bfdb173c8a05f6') in 0.019611 seconds
Number of updated asset objects reloaded before import = 0
Number of asset objects unloaded after import = 3
========================================================================
Received Import Request.
  Time since last request: 0.000016 seconds.
  path: Assets/Pack 01 (Pixel Art)/PNG/Floor 2.png
  artifactKey: Guid(5c1942e0216ea2f44bec5f46e68d152c) Importer(815301076,1909f56bfc062723c751e8b465ee728b)
Start importing Assets/Pack 01 (Pixel Art)/PNG/Floor 2.png using Guid(5c1942e0216ea2f44bec5f46e68d152c) Importer(815301076,1909f56bfc062723c751e8b465ee728b)  -> (artifact id: 'e653479e12bc796a8be0d7851b610205') in 0.018558 seconds
Number of updated asset objects reloaded before import = 0
Number of asset objects unloaded after import = 3
========================================================================
Received Import Request.
  Time since last request: 0.000018 seconds.
  path: Assets/Pack 01 (Pixel Art)/PNG/Enter 1.png
  artifactKey: Guid(34a77fef93fdd684296bc482d9a2591b) Importer(815301076,1909f56bfc062723c751e8b465ee728b)
Start importing Assets/Pack 01 (Pixel Art)/PNG/Enter 1.png using Guid(34a77fef93fdd684296bc482d9a2591b) Importer(815301076,1909f56bfc062723c751e8b465ee728b)  -> (artifact id: 'c0ead1b565b8fa0483a070082e63558e') in 0.019086 seconds
Number of updated asset objects reloaded before import = 0
Number of asset objects unloaded after import = 3
========================================================================
Received Import Request.
  Time since last request: 0.000024 seconds.
  path: Assets/Pack 01 (Pixel Art)/PNG/Floor 4.png
  artifactKey: Guid(6715c4d0491d8ce4dba4e1b52a33b6ac) Importer(815301076,1909f56bfc062723c751e8b465ee728b)
Start importing Assets/Pack 01 (Pixel Art)/PNG/Floor 4.png using Guid(6715c4d0491d8ce4dba4e1b52a33b6ac) Importer(815301076,1909f56bfc062723c751e8b465ee728b)  -> (artifact id: 'ec30dbd9081d8bc5dcfa5e1412f34cce') in 0.025994 seconds
Number of updated asset objects reloaded before import = 0
Number of asset objects unloaded after import = 3
========================================================================
Received Import Request.
  Time since last request: 0.002647 seconds.
  path: Assets/Pack 01 (Pixel Art)/PNG/CryoBox.png
  artifactKey: Guid(6ef12d9764da8a146be0e25f66f39576) Importer(815301076,1909f56bfc062723c751e8b465ee728b)
Start importing Assets/Pack 01 (Pixel Art)/PNG/CryoBox.png using Guid(6ef12d9764da8a146be0e25f66f39576) Importer(815301076,1909f56bfc062723c751e8b465ee728b)  -> (artifact id: '46ee8c94d6a70cdf42b2b53d21a8abc2') in 0.018029 seconds
Number of updated asset objects reloaded before import = 0
Number of asset objects unloaded after import = 3
========================================================================
Received Import Request.
  Time since last request: 0.000017 seconds.
  path: Assets/Pack 01 (Pixel Art)/PNG/Computer station 2.png
  artifactKey: Guid(c33b0d999d5f7ec439b5ef8dd2a11177) Importer(815301076,1909f56bfc062723c751e8b465ee728b)
Start importing Assets/Pack 01 (Pixel Art)/PNG/Computer station 2.png using Guid(c33b0d999d5f7ec439b5ef8dd2a11177) Importer(815301076,1909f56bfc062723c751e8b465ee728b)  -> (artifact id: '71182a1708aac0f52b4031bd5cec0906') in 0.023483 seconds
Number of updated asset objects reloaded before import = 0
Number of asset objects unloaded after import = 3
========================================================================
Received Import Request.
  Time since last request: 0.004162 seconds.
  path: Assets/Pack 01 (Pixel Art)/PNG/Floor 1.png
  artifactKey: Guid(232edafc3b510c348aeed7c0b354fc31) Importer(815301076,1909f56bfc062723c751e8b465ee728b)
Start importing Assets/Pack 01 (Pixel Art)/PNG/Floor 1.png using Guid(232edafc3b510c348aeed7c0b354fc31) Importer(815301076,1909f56bfc062723c751e8b465ee728b)  -> (artifact id: '01b13103754709cc40c2bc099f3254a5') in 0.017790 seconds
Number of updated asset objects reloaded before import = 0
Number of asset objects unloaded after import = 3
========================================================================
Received Import Request.
  Time since last request: 0.000017 seconds.
  path: Assets/Pack 01 (Pixel Art)/PNG/Calque 18 copie 3.png
  artifactKey: Guid(41ae9b6528482e746b2880e753c22fd9) Importer(815301076,1909f56bfc062723c751e8b465ee728b)
Start importing Assets/Pack 01 (Pixel Art)/PNG/Calque 18 copie 3.png using Guid(41ae9b6528482e746b2880e753c22fd9) Importer(815301076,1909f56bfc062723c751e8b465ee728b)  -> (artifact id: 'f94d56198bc3628ee2ccf019a4cda6ea') in 0.020159 seconds
Number of updated asset objects reloaded before import = 0
Number of asset objects unloaded after import = 3
========================================================================
Received Import Request.
  Time since last request: 0.000018 seconds.
  path: Assets/Pack 01 (Pixel Art)/PNG/Chunk9.png
  artifactKey: Guid(5cca60e0a3638314da3aff1318aa1609) Importer(815301076,1909f56bfc062723c751e8b465ee728b)
Start importing Assets/Pack 01 (Pixel Art)/PNG/Chunk9.png using Guid(5cca60e0a3638314da3aff1318aa1609) Importer(815301076,1909f56bfc062723c751e8b465ee728b)  -> (artifact id: 'fdc75d59d6e5f86c682c32e0e5dab5ae') in 0.019487 seconds
Number of updated asset objects reloaded before import = 0
Number of asset objects unloaded after import = 3
========================================================================
Received Import Request.
  Time since last request: 0.002315 seconds.
  path: Assets/Pack 01 (Pixel Art)/PNG/Floor 5.png
  artifactKey: Guid(ab99efd06d24d29479f6961058970111) Importer(815301076,1909f56bfc062723c751e8b465ee728b)
Start importing Assets/Pack 01 (Pixel Art)/PNG/Floor 5.png using Guid(ab99efd06d24d29479f6961058970111) Importer(815301076,1909f56bfc062723c751e8b465ee728b)  -> (artifact id: '45d33a698bf7a07430c92547072daeb5') in 0.022587 seconds
Number of updated asset objects reloaded before import = 0
Number of asset objects unloaded after import = 3
========================================================================
Received Import Request.
  Time since last request: 0.000016 seconds.
  path: Assets/Pack 01 (Pixel Art)/PNG/Computer 2.png
  artifactKey: Guid(6f05d585255ef1147a94855bbd3b90c6) Importer(815301076,1909f56bfc062723c751e8b465ee728b)
Start importing Assets/Pack 01 (Pixel Art)/PNG/Computer 2.png using Guid(6f05d585255ef1147a94855bbd3b90c6) Importer(815301076,1909f56bfc062723c751e8b465ee728b)  -> (artifact id: '968b8c8a6472adbc2094d626e65c2249') in 0.018831 seconds
Number of updated asset objects reloaded before import = 0
Number of asset objects unloaded after import = 3
========================================================================
Received Import Request.
  Time since last request: 0.000014 seconds.
  path: Assets/Pack 01 (Pixel Art)/PNG/Ceiling lamp.png
  artifactKey: Guid(1a8dcd933e6e2be48ac14d11d2f7e08b) Importer(815301076,1909f56bfc062723c751e8b465ee728b)
Start importing Assets/Pack 01 (Pixel Art)/PNG/Ceiling lamp.png using Guid(1a8dcd933e6e2be48ac14d11d2f7e08b) Importer(815301076,1909f56bfc062723c751e8b465ee728b)  -> (artifact id: 'f90e8205787952e05048ac8dc2573ee4') in 0.021889 seconds
Number of updated asset objects reloaded before import = 0
Number of asset objects unloaded after import = 3
========================================================================
Received Import Request.
  Time since last request: 0.000017 seconds.
  path: Assets/Pack 01 (Pixel Art)/PNG/Chair copie.png
  artifactKey: Guid(7e485c8defd4c474faa469f6fa983979) Importer(815301076,1909f56bfc062723c751e8b465ee728b)
Start importing Assets/Pack 01 (Pixel Art)/PNG/Chair copie.png using Guid(7e485c8defd4c474faa469f6fa983979) Importer(815301076,1909f56bfc062723c751e8b465ee728b)  -> (artifact id: '8e9768b6b3efc6167fb4403a876cdfc0') in 0.022888 seconds
Number of updated asset objects reloaded before import = 0
Number of asset objects unloaded after import = 3
========================================================================
Received Import Request.
  Time since last request: 0.000305 seconds.
  path: Assets/Pack 01 (Pixel Art)/PNG/Electric wall.asset
  artifactKey: Guid(3e95e03e57cbf664aab46f891be6a570) Importer(815301076,1909f56bfc062723c751e8b465ee728b)
Start importing Assets/Pack 01 (Pixel Art)/PNG/Electric wall.asset using Guid(3e95e03e57cbf664aab46f891be6a570) Importer(815301076,1909f56bfc062723c751e8b465ee728b)  -> (artifact id: 'cf71db299dc166bd03cbcf4347c18f08') in 0.012377 seconds
Number of updated asset objects reloaded before import = 0
Number of asset objects unloaded after import = 3
========================================================================
Received Import Request.
  Time since last request: 0.000016 seconds.
  path: Assets/Pack 01 (Pixel Art)/PNG/BioComputer.png
  artifactKey: Guid(817e3024a4817714cae332cdbd011dbf) Importer(815301076,1909f56bfc062723c751e8b465ee728b)
Start importing Assets/Pack 01 (Pixel Art)/PNG/BioComputer.png using Guid(817e3024a4817714cae332cdbd011dbf) Importer(815301076,1909f56bfc062723c751e8b465ee728b)  -> (artifact id: 'f5482499a0a8cb31c08437471cb88714') in 0.022522 seconds
Number of updated asset objects reloaded before import = 0
Number of asset objects unloaded after import = 3
========================================================================
Received Import Request.
  Time since last request: 1.666837 seconds.
  path: Assets/Pack 01 (Pixel Art)/PNG/Machine 1.png
  artifactKey: Guid(a5efbf2fc1ecdc8409f92f8aba248a34) Importer(815301076,1909f56bfc062723c751e8b465ee728b)
Start importing Assets/Pack 01 (Pixel Art)/PNG/Machine 1.png using Guid(a5efbf2fc1ecdc8409f92f8aba248a34) Importer(815301076,1909f56bfc062723c751e8b465ee728b)  -> (artifact id: 'b315e5f23294408f927299e48fd5ecb0') in 0.024075 seconds
Number of updated asset objects reloaded before import = 0
Number of asset objects unloaded after import = 3
========================================================================
Received Import Request.
  Time since last request: 0.000018 seconds.
  path: Assets/Pack 01 (Pixel Art)/PNG/Mural patch 2.png
  artifactKey: Guid(b1117a924aa33644695ac223605011a6) Importer(815301076,1909f56bfc062723c751e8b465ee728b)
Start importing Assets/Pack 01 (Pixel Art)/PNG/Mural patch 2.png using Guid(b1117a924aa33644695ac223605011a6) Importer(815301076,1909f56bfc062723c751e8b465ee728b)  -> (artifact id: '2a55beb731d1a49bab26cf5ec8e98761') in 0.016995 seconds
Number of updated asset objects reloaded before import = 0
Number of asset objects unloaded after import = 3
========================================================================
Received Import Request.
  Time since last request: 0.000018 seconds.
  path: Assets/Pack 01 (Pixel Art)/PNG/Neutral screen.png
  artifactKey: Guid(de96e4845f158844395137ee0e11fee0) Importer(815301076,1909f56bfc062723c751e8b465ee728b)
Start importing Assets/Pack 01 (Pixel Art)/PNG/Neutral screen.png using Guid(de96e4845f158844395137ee0e11fee0) Importer(815301076,1909f56bfc062723c751e8b465ee728b)  -> (artifact id: 'de800dc048e65029862c914f1726f133') in 0.021087 seconds
Number of updated asset objects reloaded before import = 0
Number of asset objects unloaded after import = 3
========================================================================
Received Import Request.
  Time since last request: 0.000165 seconds.
  path: Assets/Pack 01 (Pixel Art)/PNG/Pillars.png
  artifactKey: Guid(877aefa4d43e84a40be31122b64597b4) Importer(815301076,1909f56bfc062723c751e8b465ee728b)
Start importing Assets/Pack 01 (Pixel Art)/PNG/Pillars.png using Guid(877aefa4d43e84a40be31122b64597b4) Importer(815301076,1909f56bfc062723c751e8b465ee728b)  -> (artifact id: 'c4a68876981a5aa3d3aca0e70560e165') in 0.025167 seconds
Number of updated asset objects reloaded before import = 0
Number of asset objects unloaded after import = 3
========================================================================
Received Import Request.
  Time since last request: 0.000016 seconds.
  path: Assets/Pack 01 (Pixel Art)/PNG/Metal wall 1.png
  artifactKey: Guid(c90dbe3a19065dd4794c1656b92363c2) Importer(815301076,1909f56bfc062723c751e8b465ee728b)
Start importing Assets/Pack 01 (Pixel Art)/PNG/Metal wall 1.png using Guid(c90dbe3a19065dd4794c1656b92363c2) Importer(815301076,1909f56bfc062723c751e8b465ee728b)  -> (artifact id: '80f37f5db215df08e80294dcd32816f9') in 0.019302 seconds
Number of updated asset objects reloaded before import = 0
Number of asset objects unloaded after import = 3
========================================================================
Received Import Request.
  Time since last request: 0.000015 seconds.
  path: Assets/Pack 01 (Pixel Art)/PNG/Phone 1.png
  artifactKey: Guid(875ceb59a779268439d9a40baec9e662) Importer(815301076,1909f56bfc062723c751e8b465ee728b)
Start importing Assets/Pack 01 (Pixel Art)/PNG/Phone 1.png using Guid(875ceb59a779268439d9a40baec9e662) Importer(815301076,1909f56bfc062723c751e8b465ee728b)  -> (artifact id: '34a4edd9acdff6f28e4be7d1aefac05d') in 0.019136 seconds
Number of updated asset objects reloaded before import = 0
Number of asset objects unloaded after import = 3
========================================================================
Received Import Request.
  Time since last request: 0.000017 seconds.
  path: Assets/Pack 01 (Pixel Art)/PNG/Pillar destroyed.png
  artifactKey: Guid(0270eea574cd21e428a5f3d537a783f1) Importer(815301076,1909f56bfc062723c751e8b465ee728b)
Start importing Assets/Pack 01 (Pixel Art)/PNG/Pillar destroyed.png using Guid(0270eea574cd21e428a5f3d537a783f1) Importer(815301076,1909f56bfc062723c751e8b465ee728b)  -> (artifact id: '34e06cad1607178da3a748440c671bee') in 0.022073 seconds
Number of updated asset objects reloaded before import = 0
Number of asset objects unloaded after import = 3
========================================================================
Received Import Request.
  Time since last request: 0.000017 seconds.
  path: Assets/Pack 01 (Pixel Art)/PNG/Medical Device.png
  artifactKey: Guid(c23f3f954263a5a439f4a4592e3ca182) Importer(815301076,1909f56bfc062723c751e8b465ee728b)
Start importing Assets/Pack 01 (Pixel Art)/PNG/Medical Device.png using Guid(c23f3f954263a5a439f4a4592e3ca182) Importer(815301076,1909f56bfc062723c751e8b465ee728b)  -> (artifact id: 'd1c41826791f853ac7304a3fad0476d9') in 0.019363 seconds
Number of updated asset objects reloaded before import = 0
Number of asset objects unloaded after import = 3
========================================================================
Received Import Request.
  Time since last request: 0.054004 seconds.
  path: Assets/Pack 01 (Pixel Art)/PNG/Pipe.png
  artifactKey: Guid(b68b00c9bef3a11499af044c83389327) Importer(815301076,1909f56bfc062723c751e8b465ee728b)
Start importing Assets/Pack 01 (Pixel Art)/PNG/Pipe.png using Guid(b68b00c9bef3a11499af044c83389327) Importer(815301076,1909f56bfc062723c751e8b465ee728b)  -> (artifact id: 'da09152aca1dbdea0ec29ac37706e71c') in 0.021241 seconds
Number of updated asset objects reloaded before import = 0
Number of asset objects unloaded after import = 3
========================================================================
Received Import Request.
  Time since last request: 0.000016 seconds.
  path: Assets/Pack 01 (Pixel Art)/PNG/post it.png
  artifactKey: Guid(66e58ab93bbc42c4bbbe20bd64aba76a) Importer(815301076,1909f56bfc062723c751e8b465ee728b)
Start importing Assets/Pack 01 (Pixel Art)/PNG/post it.png using Guid(66e58ab93bbc42c4bbbe20bd64aba76a) Importer(815301076,1909f56bfc062723c751e8b465ee728b)  -> (artifact id: '9a04177334060e9aef68d78f3f507efc') in 0.019114 seconds
Number of updated asset objects reloaded before import = 0
Number of asset objects unloaded after import = 3
========================================================================
Received Import Request.
  Time since last request: 0.000016 seconds.
  path: Assets/Pack 01 (Pixel Art)/PNG/Props 4.png
  artifactKey: Guid(1b4802aacd850d8418d4bd4acd3d067c) Importer(815301076,1909f56bfc062723c751e8b465ee728b)
Start importing Assets/Pack 01 (Pixel Art)/PNG/Props 4.png using Guid(1b4802aacd850d8418d4bd4acd3d067c) Importer(815301076,1909f56bfc062723c751e8b465ee728b)  -> (artifact id: 'd7fb993da97535093507ff44513c19ed') in 0.020019 seconds
Number of updated asset objects reloaded before import = 0
Number of asset objects unloaded after import = 3
========================================================================
Received Import Request.
  Time since last request: 0.000018 seconds.
  path: Assets/Pack 01 (Pixel Art)/PNG/Random Device 2.png
  artifactKey: Guid(7b832d14b3308b34e99f9d5fc77d1ec9) Importer(815301076,1909f56bfc062723c751e8b465ee728b)
Start importing Assets/Pack 01 (Pixel Art)/PNG/Random Device 2.png using Guid(7b832d14b3308b34e99f9d5fc77d1ec9) Importer(815301076,1909f56bfc062723c751e8b465ee728b)  -> (artifact id: 'c84b4e047d62c2a2af9868fc57d4440b') in 0.022926 seconds
Number of updated asset objects reloaded before import = 0
Number of asset objects unloaded after import = 3
========================================================================
Received Import Request.
  Time since last request: 0.000017 seconds.
  path: Assets/Pack 01 (Pixel Art)/PNG/Pipe3.png
  artifactKey: Guid(b433ec4b2f2c34049a3fc7d34ab0a4cb) Importer(815301076,1909f56bfc062723c751e8b465ee728b)
Start importing Assets/Pack 01 (Pixel Art)/PNG/Pipe3.png using Guid(b433ec4b2f2c34049a3fc7d34ab0a4cb) Importer(815301076,1909f56bfc062723c751e8b465ee728b)  -> (artifact id: '2c849a6d09b34024b5bd0f3116c76ee4') in 0.023140 seconds
Number of updated asset objects reloaded before import = 0
Number of asset objects unloaded after import = 3
========================================================================
Received Import Request.
  Time since last request: 0.000715 seconds.
  path: Assets/Pack 01 (Pixel Art)/PNG/Separation 3.png
  artifactKey: Guid(8648d8bde08e1eb4da6b1d8de78b75a4) Importer(815301076,1909f56bfc062723c751e8b465ee728b)
Start importing Assets/Pack 01 (Pixel Art)/PNG/Separation 3.png using Guid(8648d8bde08e1eb4da6b1d8de78b75a4) Importer(815301076,1909f56bfc062723c751e8b465ee728b)  -> (artifact id: '3ca95c932723d379a0784a00ec0d3c8d') in 0.023532 seconds
Number of updated asset objects reloaded before import = 0
Number of asset objects unloaded after import = 3
========================================================================
Received Import Request.
  Time since last request: 0.000017 seconds.
  path: Assets/Pack 01 (Pixel Art)/PNG/Stairs 2.png
  artifactKey: Guid(7aa76939e5e6e3c448607f3fd0f9cb6d) Importer(815301076,1909f56bfc062723c751e8b465ee728b)
Start importing Assets/Pack 01 (Pixel Art)/PNG/Stairs 2.png using Guid(7aa76939e5e6e3c448607f3fd0f9cb6d) Importer(815301076,1909f56bfc062723c751e8b465ee728b)  -> (artifact id: '1cdc75e99698c1e0ed58e7a1599f3e44') in 0.022904 seconds
Number of updated asset objects reloaded before import = 0
Number of asset objects unloaded after import = 3
========================================================================
Received Import Request.
  Time since last request: 0.000022 seconds.
  path: Assets/Pack 01 (Pixel Art)/PNG/Small Machine 3.png
  artifactKey: Guid(054b1d3d8f710b64c8c20c220b8b7ca8) Importer(815301076,1909f56bfc062723c751e8b465ee728b)
Start importing Assets/Pack 01 (Pixel Art)/PNG/Small Machine 3.png using Guid(054b1d3d8f710b64c8c20c220b8b7ca8) Importer(815301076,1909f56bfc062723c751e8b465ee728b)  -> (artifact id: 'af4bfb301572f519ad4341c94a9ca219') in 0.019446 seconds
Number of updated asset objects reloaded before import = 0
Number of asset objects unloaded after import = 3
========================================================================
Received Import Request.
  Time since last request: 0.000023 seconds.
  path: Assets/Pack 01 (Pixel Art)/PNG/Socle 1.png
  artifactKey: Guid(eee8419e1a7f19541aa17e94f03dadbd) Importer(815301076,1909f56bfc062723c751e8b465ee728b)
Start importing Assets/Pack 01 (Pixel Art)/PNG/Socle 1.png using Guid(eee8419e1a7f19541aa17e94f03dadbd) Importer(815301076,1909f56bfc062723c751e8b465ee728b)  -> (artifact id: '302872d60466fcf09957e8644cf6e5eb') in 0.024687 seconds
Number of updated asset objects reloaded before import = 0
Number of asset objects unloaded after import = 3
========================================================================
Received Import Request.
  Time since last request: 0.000090 seconds.
  path: Assets/Pack 01 (Pixel Art)/PNG/Props 2.png
  artifactKey: Guid(580cc8eada513fe4cb569f60a7287108) Importer(815301076,1909f56bfc062723c751e8b465ee728b)
Start importing Assets/Pack 01 (Pixel Art)/PNG/Props 2.png using Guid(580cc8eada513fe4cb569f60a7287108) Importer(815301076,1909f56bfc062723c751e8b465ee728b)  -> (artifact id: 'a45a6092745144ff7cd6fce829e22d70') in 0.024402 seconds
Number of updated asset objects reloaded before import = 0
Number of asset objects unloaded after import = 3
========================================================================
Received Import Request.
  Time since last request: 0.001286 seconds.
  path: Assets/Pack 01 (Pixel Art)/PNG/Random Device 3.png
  artifactKey: Guid(c0fd94f95810dac4fa2194e0b29ec0d4) Importer(815301076,1909f56bfc062723c751e8b465ee728b)
Start importing Assets/Pack 01 (Pixel Art)/PNG/Random Device 3.png using Guid(c0fd94f95810dac4fa2194e0b29ec0d4) Importer(815301076,1909f56bfc062723c751e8b465ee728b)  -> (artifact id: '5abd3e9028d87c427af3bc359154553f') in 0.023092 seconds
Number of updated asset objects reloaded before import = 0
Number of asset objects unloaded after import = 3
========================================================================
Received Import Request.
  Time since last request: 0.000016 seconds.
  path: Assets/Pack 01 (Pixel Art)/PNG/Props 3.png
  artifactKey: Guid(3792bd75e17889943a554a878966f2f8) Importer(815301076,1909f56bfc062723c751e8b465ee728b)
Start importing Assets/Pack 01 (Pixel Art)/PNG/Props 3.png using Guid(3792bd75e17889943a554a878966f2f8) Importer(815301076,1909f56bfc062723c751e8b465ee728b)  -> (artifact id: '640afc48409eeeb7a34536b63e171c08') in 0.027061 seconds
Number of updated asset objects reloaded before import = 0
Number of asset objects unloaded after import = 3
========================================================================
Received Import Request.
  Time since last request: 0.000458 seconds.
  path: Assets/Pack 01 (Pixel Art)/PNG/Small Machine 2.png
  artifactKey: Guid(383ffa6edf378294ebb5b55dbe2f4eb8) Importer(815301076,1909f56bfc062723c751e8b465ee728b)
Start importing Assets/Pack 01 (Pixel Art)/PNG/Small Machine 2.png using Guid(383ffa6edf378294ebb5b55dbe2f4eb8) Importer(815301076,1909f56bfc062723c751e8b465ee728b)  -> (artifact id: 'd3cfe9f4543193f13da31acba04462d2') in 0.020839 seconds
Number of updated asset objects reloaded before import = 0
Number of asset objects unloaded after import = 3
========================================================================
Received Import Request.
  Time since last request: 0.000016 seconds.
  path: Assets/Pack 01 (Pixel Art)/PNG/Pipe2.png
  artifactKey: Guid(502e4ead45681b947ad2da998311905f) Importer(815301076,1909f56bfc062723c751e8b465ee728b)
Start importing Assets/Pack 01 (Pixel Art)/PNG/Pipe2.png using Guid(502e4ead45681b947ad2da998311905f) Importer(815301076,1909f56bfc062723c751e8b465ee728b)  -> (artifact id: 'aecfc25059177477f2b2bfe8f9fe80fb') in 0.024729 seconds
Number of updated asset objects reloaded before import = 0
Number of asset objects unloaded after import = 3
========================================================================
Received Import Request.
  Time since last request: 0.000302 seconds.
  path: Assets/Pack 01 (Pixel Art)/PNG/Stairs 3.png
  artifactKey: Guid(bc58d6be3a1dc3c4fbf628fd971d5dca) Importer(815301076,1909f56bfc062723c751e8b465ee728b)
Start importing Assets/Pack 01 (Pixel Art)/PNG/Stairs 3.png using Guid(bc58d6be3a1dc3c4fbf628fd971d5dca) Importer(815301076,1909f56bfc062723c751e8b465ee728b)  -> (artifact id: 'e97f95278287d1c65621befcfcae4d35') in 0.022335 seconds
Number of updated asset objects reloaded before import = 0
Number of asset objects unloaded after import = 3
========================================================================
Received Import Request.
  Time since last request: 0.000016 seconds.
  path: Assets/Pack 01 (Pixel Art)/PNG/Separation 1.png
  artifactKey: Guid(95d31e2f52117c249a28c01a9ed13445) Importer(815301076,1909f56bfc062723c751e8b465ee728b)
Start importing Assets/Pack 01 (Pixel Art)/PNG/Separation 1.png using Guid(95d31e2f52117c249a28c01a9ed13445) Importer(815301076,1909f56bfc062723c751e8b465ee728b)  -> (artifact id: '7d75a32f315182a806271d979a620698') in 0.025264 seconds
Number of updated asset objects reloaded before import = 0
Number of asset objects unloaded after import = 3
========================================================================
Received Import Request.
  Time since last request: 384.987972 seconds.
  path: Assets/Pack 01 (Pixel Art)/PNG/beds.png
  artifactKey: Guid(a771dd2103e2b0b48932e8c0bc239649) Importer(815301076,1909f56bfc062723c751e8b465ee728b)
Start importing Assets/Pack 01 (Pixel Art)/PNG/beds.png using Guid(a771dd2103e2b0b48932e8c0bc239649) Importer(815301076,1909f56bfc062723c751e8b465ee728b)  -> (artifact id: 'ed7c038a5333110f864b072328ff1b02') in 0.020334 seconds
Number of updated asset objects reloaded before import = 0
Number of asset objects unloaded after import = 3
========================================================================
Received Import Request.
  Time since last request: 0.035504 seconds.
  path: Assets/Pack 01 (Pixel Art)/PNG/chunk.png
  artifactKey: Guid(189d72c4a6da18d4bb20b9b7e11a1273) Importer(815301076,1909f56bfc062723c751e8b465ee728b)
Start importing Assets/Pack 01 (Pixel Art)/PNG/chunk.png using Guid(189d72c4a6da18d4bb20b9b7e11a1273) Importer(815301076,1909f56bfc062723c751e8b465ee728b)  -> (artifact id: '9a63beda0e6a117fee772e37689ad0c9') in 0.018627 seconds
Number of updated asset objects reloaded before import = 0
Number of asset objects unloaded after import = 3
========================================================================
Received Import Request.
  Time since last request: 190.361044 seconds.
  path: Assets/Pack 01 (Pixel Art)/PNG/machine 2.png
  artifactKey: Guid(25acd3f86ab7b824587c276273c4d24c) Importer(815301076,1909f56bfc062723c751e8b465ee728b)
Start importing Assets/Pack 01 (Pixel Art)/PNG/machine 2.png using Guid(25acd3f86ab7b824587c276273c4d24c) Importer(815301076,1909f56bfc062723c751e8b465ee728b)  -> (artifact id: '3c72b230268954de90e7540cf23e80ea') in 0.021343 seconds
Number of updated asset objects reloaded before import = 0
Number of asset objects unloaded after import = 3
========================================================================
Received Import Request.
  Time since last request: 0.000022 seconds.
  path: Assets/Pack 01 (Pixel Art)/PNG/Megamana sprites.png
  artifactKey: Guid(60ca7e893bad38a42af5a1aa53069824) Importer(815301076,1909f56bfc062723c751e8b465ee728b)
Start importing Assets/Pack 01 (Pixel Art)/PNG/Megamana sprites.png using Guid(60ca7e893bad38a42af5a1aa53069824) Importer(815301076,1909f56bfc062723c751e8b465ee728b)  -> (artifact id: '37b0a2f627f1ac96d2757cdcce75b713') in 0.037183 seconds
Number of updated asset objects reloaded before import = 0
Number of asset objects unloaded after import = 3
========================================================================
Received Import Request.
  Time since last request: 0.274456 seconds.
  path: Assets/Pack 01 (Pixel Art)/PNG/p1.prefab
  artifactKey: Guid(102c0ab570fb95641be1d2c1e3e77e5b) Importer(815301076,1909f56bfc062723c751e8b465ee728b)
Start importing Assets/Pack 01 (Pixel Art)/PNG/p1.prefab using Guid(102c0ab570fb95641be1d2c1e3e77e5b) Importer(815301076,1909f56bfc062723c751e8b465ee728b)  -> (artifact id: '8f517a43bc26eb851a52ca77c1829495') in 0.047688 seconds
Number of updated asset objects reloaded before import = 0
Number of asset objects unloaded after import = 13
========================================================================
Received Import Request.
  Time since last request: 0.000023 seconds.
  path: Assets/Pack 01 (Pixel Art)/PNG/p2.prefab
  artifactKey: Guid(1fce0f191c7460b4dbba776ffe17a95a) Importer(815301076,1909f56bfc062723c751e8b465ee728b)
Start importing Assets/Pack 01 (Pixel Art)/PNG/p2.prefab using Guid(1fce0f191c7460b4dbba776ffe17a95a) Importer(815301076,1909f56bfc062723c751e8b465ee728b)  -> (artifact id: 'ace988d8386008313ede6756418b06b2') in 0.013257 seconds
Number of updated asset objects reloaded before import = 0
Number of asset objects unloaded after import = 13
========================================================================
Received Import Request.
  Time since last request: 0.000029 seconds.
  path: Assets/Pack 01 (Pixel Art)/PNG/pc1.png
  artifactKey: Guid(e5071d93c9443144cbf2671e05236967) Importer(815301076,1909f56bfc062723c751e8b465ee728b)
Start importing Assets/Pack 01 (Pixel Art)/PNG/pc1.png using Guid(e5071d93c9443144cbf2671e05236967) Importer(815301076,1909f56bfc062723c751e8b465ee728b)  -> (artifact id: '5b2d5a48d6b35eb8073b027a1a52fafb') in 0.017732 seconds
Number of updated asset objects reloaded before import = 0
Number of asset objects unloaded after import = 3
========================================================================
Received Import Request.
  Time since last request: 0.000019 seconds.
  path: Assets/Pack 01 (Pixel Art)/PNG/pcerrado.png
  artifactKey: Guid(998d26c233c6eda4bb96f99c8266176f) Importer(815301076,1909f56bfc062723c751e8b465ee728b)
Start importing Assets/Pack 01 (Pixel Art)/PNG/pcerrado.png using Guid(998d26c233c6eda4bb96f99c8266176f) Importer(815301076,1909f56bfc062723c751e8b465ee728b)  -> (artifact id: '85cd28eb44aa9f73dfa2ecf3e24444ff') in 0.018293 seconds
Number of updated asset objects reloaded before import = 0
Number of asset objects unloaded after import = 3
========================================================================
Received Import Request.
  Time since last request: 0.000016 seconds.
  path: Assets/Pack 01 (Pixel Art)/PNG/p3.prefab
  artifactKey: Guid(02d3d65d6059b2d4e9fbaf37593d43d9) Importer(815301076,1909f56bfc062723c751e8b465ee728b)
Start importing Assets/Pack 01 (Pixel Art)/PNG/p3.prefab using Guid(02d3d65d6059b2d4e9fbaf37593d43d9) Importer(815301076,1909f56bfc062723c751e8b465ee728b)  -> (artifact id: 'e5441db2324ec3fd8482bcab83edc8fa') in 0.015233 seconds
Number of updated asset objects reloaded before import = 0
Number of asset objects unloaded after import = 13
========================================================================
Received Import Request.
  Time since last request: 0.000015 seconds.
  path: Assets/Pack 01 (Pixel Art)/PNG/porta2-1.asset
  artifactKey: Guid(41e14df80e1ff804fb23655e86f5d5d7) Importer(815301076,1909f56bfc062723c751e8b465ee728b)
Start importing Assets/Pack 01 (Pixel Art)/PNG/porta2-1.asset using Guid(41e14df80e1ff804fb23655e86f5d5d7) Importer(815301076,1909f56bfc062723c751e8b465ee728b)  -> (artifact id: 'b19dcad38093040d3f09dd9adab2504c') in 0.005079 seconds
Number of updated asset objects reloaded before import = 0
Number of asset objects unloaded after import = 3
========================================================================
Received Import Request.
  Time since last request: 0.000018 seconds.
  path: Assets/Pack 01 (Pixel Art)/PNG/pc3.png
  artifactKey: Guid(c582ba06763e08d4eb41c24ba829ffd4) Importer(815301076,1909f56bfc062723c751e8b465ee728b)
Start importing Assets/Pack 01 (Pixel Art)/PNG/pc3.png using Guid(c582ba06763e08d4eb41c24ba829ffd4) Importer(815301076,1909f56bfc062723c751e8b465ee728b)  -> (artifact id: '0cfd3a0e4a3810d3a06d6baaddcf28b3') in 0.019671 seconds
Number of updated asset objects reloaded before import = 0
Number of asset objects unloaded after import = 3
========================================================================
Received Import Request.
  Time since last request: 0.000020 seconds.
  path: Assets/Pack 01 (Pixel Art)/PNG/p2.png
  artifactKey: Guid(3fc10719447088243b31b52768c04b58) Importer(815301076,1909f56bfc062723c751e8b465ee728b)
Start importing Assets/Pack 01 (Pixel Art)/PNG/p2.png using Guid(3fc10719447088243b31b52768c04b58) Importer(815301076,1909f56bfc062723c751e8b465ee728b)  -> (artifact id: 'd862089c5999b4110e9fb75891260196') in 0.021078 seconds
Number of updated asset objects reloaded before import = 0
Number of asset objects unloaded after import = 3
========================================================================
Received Import Request.
  Time since last request: 0.000017 seconds.
  path: Assets/Pack 01 (Pixel Art)/PNG/p2-.png
  artifactKey: Guid(8761a962388a38d4e87aa6a4fd04c205) Importer(815301076,1909f56bfc062723c751e8b465ee728b)
Start importing Assets/Pack 01 (Pixel Art)/PNG/p2-.png using Guid(8761a962388a38d4e87aa6a4fd04c205) Importer(815301076,1909f56bfc062723c751e8b465ee728b)  -> (artifact id: 'f4ac119c6863039ecbc9ead8f810b46e') in 0.023568 seconds
Number of updated asset objects reloaded before import = 0
Number of asset objects unloaded after import = 3
========================================================================
Received Import Request.
  Time since last request: 0.652956 seconds.
  path: Assets/Pack 01 (Pixel Art)/PNG/Sticker 2.png
  artifactKey: Guid(e57ec1ad630c2ad4998fd81d50ed2a71) Importer(815301076,1909f56bfc062723c751e8b465ee728b)
Start importing Assets/Pack 01 (Pixel Art)/PNG/Sticker 2.png using Guid(e57ec1ad630c2ad4998fd81d50ed2a71) Importer(815301076,1909f56bfc062723c751e8b465ee728b)  -> (artifact id: '9b892480748d79f5abf245564e914370') in 0.020194 seconds
Number of updated asset objects reloaded before import = 0
Number of asset objects unloaded after import = 3
========================================================================
Received Import Request.
  Time since last request: 0.000018 seconds.
  path: Assets/Pack 01 (Pixel Art)/PNG/Surprised screen.png
  artifactKey: Guid(6f30059b3176d484aa46eff5dcf5581d) Importer(815301076,1909f56bfc062723c751e8b465ee728b)
Start importing Assets/Pack 01 (Pixel Art)/PNG/Surprised screen.png using Guid(6f30059b3176d484aa46eff5dcf5581d) Importer(815301076,1909f56bfc062723c751e8b465ee728b)  -> (artifact id: 'fb9961347b9bc11492ff1c6572e97557') in 0.019551 seconds
Number of updated asset objects reloaded before import = 0
Number of asset objects unloaded after import = 3
========================================================================
Received Import Request.
  Time since last request: 0.906376 seconds.
  path: Assets/Pack 01 (Pixel Art)/PNG/Wall 1.png
  artifactKey: Guid(71c827a27a3af0949835cc42d8db8661) Importer(815301076,1909f56bfc062723c751e8b465ee728b)
Start importing Assets/Pack 01 (Pixel Art)/PNG/Wall 1.png using Guid(71c827a27a3af0949835cc42d8db8661) Importer(815301076,1909f56bfc062723c751e8b465ee728b)  -> (artifact id: 'a3a1e6c3874aca9f758af92499cde0bd') in 0.018845 seconds
Number of updated asset objects reloaded before import = 0
Number of asset objects unloaded after import = 3
========================================================================
Received Import Request.
  Time since last request: 0.000018 seconds.
  path: Assets/Pack 01 (Pixel Art)/PNG/Wall 4 Light.png
  artifactKey: Guid(8d3924802c03c444ea5427c36180621e) Importer(815301076,1909f56bfc062723c751e8b465ee728b)
Start importing Assets/Pack 01 (Pixel Art)/PNG/Wall 4 Light.png using Guid(8d3924802c03c444ea5427c36180621e) Importer(815301076,1909f56bfc062723c751e8b465ee728b)  -> (artifact id: 'e030627ecfcdd447bdb2efa47521f057') in 0.017752 seconds
Number of updated asset objects reloaded before import = 0
Number of asset objects unloaded after import = 3
========================================================================
Received Import Request.
  Time since last request: 0.000017 seconds.
  path: Assets/Pack 01 (Pixel Art)/PNG/Wall 7.png
  artifactKey: Guid(208fe2108fb9c4247b33044fdac99fa4) Importer(815301076,1909f56bfc062723c751e8b465ee728b)
Start importing Assets/Pack 01 (Pixel Art)/PNG/Wall 7.png using Guid(208fe2108fb9c4247b33044fdac99fa4) Importer(815301076,1909f56bfc062723c751e8b465ee728b)  -> (artifact id: 'ac376edd1c18345e09e8d745d03be1f0') in 0.015555 seconds
Number of updated asset objects reloaded before import = 0
Number of asset objects unloaded after import = 3
========================================================================
Received Import Request.
  Time since last request: 0.000014 seconds.
  path: Assets/Pack 01 (Pixel Art)/PNG/Wall cover 2.png
  artifactKey: Guid(77041795e9e5e2a4fa35db22d1be6ac0) Importer(815301076,1909f56bfc062723c751e8b465ee728b)
Start importing Assets/Pack 01 (Pixel Art)/PNG/Wall cover 2.png using Guid(77041795e9e5e2a4fa35db22d1be6ac0) Importer(815301076,1909f56bfc062723c751e8b465ee728b)  -> (artifact id: '185fd7e600eb7d5fb452d88d6902a672') in 0.019266 seconds
Number of updated asset objects reloaded before import = 0
Number of asset objects unloaded after import = 3
========================================================================
Received Import Request.
  Time since last request: 0.000014 seconds.
  path: Assets/Pack 01 (Pixel Art)/PNG/Wall 5.png
  artifactKey: Guid(a9c0d40d5013823409cc8657ccd50861) Importer(815301076,1909f56bfc062723c751e8b465ee728b)
Start importing Assets/Pack 01 (Pixel Art)/PNG/Wall 5.png using Guid(a9c0d40d5013823409cc8657ccd50861) Importer(815301076,1909f56bfc062723c751e8b465ee728b)  -> (artifact id: 'fdd5c59b3c45fe1e198d240881cd32fe') in 0.018591 seconds
Number of updated asset objects reloaded before import = 0
Number of asset objects unloaded after import = 3
========================================================================
Received Import Request.
  Time since last request: 0.000017 seconds.
  path: Assets/Pack 01 (Pixel Art)/PNG/Wall and window.png
  artifactKey: Guid(68aae25c0a03d7a4e9f77be4759b7b2c) Importer(815301076,1909f56bfc062723c751e8b465ee728b)
Start importing Assets/Pack 01 (Pixel Art)/PNG/Wall and window.png using Guid(68aae25c0a03d7a4e9f77be4759b7b2c) Importer(815301076,1909f56bfc062723c751e8b465ee728b)  -> (artifact id: '2c57d3d99055a54c295ba799c39fc9e8') in 0.017677 seconds
Number of updated asset objects reloaded before import = 0
Number of asset objects unloaded after import = 3
========================================================================
Received Import Request.
  Time since last request: 0.000016 seconds.
  path: Assets/Pack 01 (Pixel Art)/PNG/Wall 3.png
  artifactKey: Guid(0222c73701782564bbafc90dc320756d) Importer(815301076,1909f56bfc062723c751e8b465ee728b)
Start importing Assets/Pack 01 (Pixel Art)/PNG/Wall 3.png using Guid(0222c73701782564bbafc90dc320756d) Importer(815301076,1909f56bfc062723c751e8b465ee728b)  -> (artifact id: 'ca822bffb20443c80366250ee58c5af0') in 0.020332 seconds
Number of updated asset objects reloaded before import = 0
Number of asset objects unloaded after import = 3
========================================================================
Received Import Request.
  Time since last request: 0.000014 seconds.
  path: Assets/Pack 01 (Pixel Art)/PNG/Wall cover.png
  artifactKey: Guid(e72e1dd666f86444aa468b20e7c26092) Importer(815301076,1909f56bfc062723c751e8b465ee728b)
Start importing Assets/Pack 01 (Pixel Art)/PNG/Wall cover.png using Guid(e72e1dd666f86444aa468b20e7c26092) Importer(815301076,1909f56bfc062723c751e8b465ee728b)  -> (artifact id: '5c2d3ec984850195423f00b2372befef') in 0.021480 seconds
Number of updated asset objects reloaded before import = 0
Number of asset objects unloaded after import = 3
========================================================================
Received Import Request.
  Time since last request: 1.313461 seconds.
  path: Assets/Pack 01 (Pixel Art)/PNG/Wall electric pannel 1.png
  artifactKey: Guid(de8dbd7018034d740a804c2520f6f927) Importer(815301076,1909f56bfc062723c751e8b465ee728b)
Start importing Assets/Pack 01 (Pixel Art)/PNG/Wall electric pannel 1.png using Guid(de8dbd7018034d740a804c2520f6f927) Importer(815301076,1909f56bfc062723c751e8b465ee728b)  -> (artifact id: '1072a3934ec9455585ae6c35a9796171') in 0.015577 seconds
Number of updated asset objects reloaded before import = 0
Number of asset objects unloaded after import = 3
========================================================================
Received Import Request.
  Time since last request: 0.000014 seconds.
  path: Assets/Pack 01 (Pixel Art)/PNG/Wall with glass 1.png
  artifactKey: Guid(228a9efd10784ba49840c5286a221a7b) Importer(815301076,1909f56bfc062723c751e8b465ee728b)
Start importing Assets/Pack 01 (Pixel Art)/PNG/Wall with glass 1.png using Guid(228a9efd10784ba49840c5286a221a7b) Importer(815301076,1909f56bfc062723c751e8b465ee728b)  -> (artifact id: '8d8794ce48f9cef644a4f5993430fee4') in 0.016720 seconds
Number of updated asset objects reloaded before import = 0
Number of asset objects unloaded after import = 3
========================================================================
Received Import Request.
  Time since last request: 0.000013 seconds.
  path: Assets/Pack 01 (Pixel Art)/PNG/wall1-1.asset
  artifactKey: Guid(1f9dbd94a0ccd3742b0e15902b226d93) Importer(815301076,1909f56bfc062723c751e8b465ee728b)
Start importing Assets/Pack 01 (Pixel Art)/PNG/wall1-1.asset using Guid(1f9dbd94a0ccd3742b0e15902b226d93) Importer(815301076,1909f56bfc062723c751e8b465ee728b)  -> (artifact id: '3b77388a078003b439d0c4b8774bdab4') in 0.011444 seconds
Number of updated asset objects reloaded before import = 0
Number of asset objects unloaded after import = 3
========================================================================
Received Import Request.
  Time since last request: 0.000014 seconds.
  path: Assets/Pack 01 (Pixel Art)/PNG/Window special 1.png
  artifactKey: Guid(3dc61b910f3c7a5488d9fd66235707f6) Importer(815301076,1909f56bfc062723c751e8b465ee728b)
Start importing Assets/Pack 01 (Pixel Art)/PNG/Window special 1.png using Guid(3dc61b910f3c7a5488d9fd66235707f6) Importer(815301076,1909f56bfc062723c751e8b465ee728b)  -> (artifact id: 'cd744af3f983b76f66589dca0e89d3a8') in 0.019353 seconds
Number of updated asset objects reloaded before import = 0
Number of asset objects unloaded after import = 3
========================================================================
Received Import Request.
  Time since last request: 0.000014 seconds.
  path: Assets/Pack 01 (Pixel Art)/PNG/Window 1.png
  artifactKey: Guid(566aea808859a8d4eb39fa2ad3fddb68) Importer(815301076,1909f56bfc062723c751e8b465ee728b)
Start importing Assets/Pack 01 (Pixel Art)/PNG/Window 1.png using Guid(566aea808859a8d4eb39fa2ad3fddb68) Importer(815301076,1909f56bfc062723c751e8b465ee728b)  -> (artifact id: 'e29d22a9f251374792ff2590c6097b60') in 0.021014 seconds
Number of updated asset objects reloaded before import = 0
Number of asset objects unloaded after import = 3
========================================================================
Received Import Request.
  Time since last request: 0.000014 seconds.
  path: Assets/Pack 01 (Pixel Art)/PNG/Wall pipes.png
  artifactKey: Guid(398d3e8db54796d41954b21d1e177690) Importer(815301076,1909f56bfc062723c751e8b465ee728b)
Start importing Assets/Pack 01 (Pixel Art)/PNG/Wall pipes.png using Guid(398d3e8db54796d41954b21d1e177690) Importer(815301076,1909f56bfc062723c751e8b465ee728b)  -> (artifact id: '1ad795f5fa7110fffea6e7b52eca3f16') in 0.020615 seconds
Number of updated asset objects reloaded before import = 0
Number of asset objects unloaded after import = 3
========================================================================
Received Import Request.
  Time since last request: 0.000014 seconds.
  path: Assets/Pack 01 (Pixel Art)/PNG/Window 2.png
  artifactKey: Guid(8d28293cd29f7f344aba12ce366034a3) Importer(815301076,1909f56bfc062723c751e8b465ee728b)
Start importing Assets/Pack 01 (Pixel Art)/PNG/Window 2.png using Guid(8d28293cd29f7f344aba12ce366034a3) Importer(815301076,1909f56bfc062723c751e8b465ee728b)  -> (artifact id: '10c15dffc5784f5209b2a3ab5117ef75') in 0.018664 seconds
Number of updated asset objects reloaded before import = 0
Number of asset objects unloaded after import = 3
========================================================================
Received Import Request.
  Time since last request: 0.000023 seconds.
  path: Assets/Pack 01 (Pixel Art)/PNG/wall1.png
  artifactKey: Guid(5b11aea3385f59748b2509c621f92e17) Importer(815301076,1909f56bfc062723c751e8b465ee728b)
Start importing Assets/Pack 01 (Pixel Art)/PNG/wall1.png using Guid(5b11aea3385f59748b2509c621f92e17) Importer(815301076,1909f56bfc062723c751e8b465ee728b)  -> (artifact id: '795e21847e582792ab48f800ebcc2f03') in 0.018662 seconds
Number of updated asset objects reloaded before import = 0
Number of asset objects unloaded after import = 3
Editor requested this worker to shutdown with reason: Scaling down because of idle timeout
TcpMessagingSession - receive error: operation aborted. errorcode: 995, details: A operao de E/S foi anulada devido a uma sada de thread ou a uma requisio de aplicativo.
AssetImportWorker is now disconnected from the server
Process exiting
Exiting without the bug reporter. Application will terminate with return code 0